Vivado Simulator v2023.1
Copyright 1986-2022 Xilinx, Inc. All Rights Reserved.
Copyright 2022-2023 Advanced Micro Devices, Inc. All Rights Reserved.
Running: C:\Xilinx\Vivado\2023.1\bin\unwrapped\win64.o\xelab.exe PL --timescale 1ps/1ps --override_timeunit --override_timeprecision -dll --snapshot design -debug wave 
Multi-threading is on. Using 26 slave threads.
Starting static elaboration
Pass Through NonSizing Optimizer
Completed static elaboration
Starting simulation data flow analysis
Completed simulation data flow analysis
Time Resolution for simulation is 1ps
Compiling module work.alpha1_ss_block
Compiling module work.alpha16_block
Compiling module work.alpha2_ss_block
Compiling module work.alpha4_ss_block
Compiling module work.alpha3_ss_block
Compiling module work.alpha14_block
Compiling module work.alpha13_block
Compiling module work.alpha12_block
Compiling module work.alpha11_block
Compiling module work.alpha10_block
Compiling module work.alpha9_ss_block
Compiling module work.alpha8_ss_block
Compiling module work.alpha7_ss_block
Compiling module work.alpha6_ss_block
Compiling module work.alpha5_ss_block
Compiling module work.alpha15_block
Compiling module work.alpha16bLFSR1
Compiling module work.random_gene
Compiling module work.random_method
Compiling module work.alpha1_ss
Compiling module work.alpha16
Compiling module work.alpha2_ss
Compiling module work.alpha4_ss
Compiling module work.alpha3_ss
Compiling module work.alpha14
Compiling module work.alpha13
Compiling module work.alpha12
Compiling module work.alpha11
Compiling module work.alpha10
Compiling module work.alpha9_ss
Compiling module work.alpha8_ss
Compiling module work.alpha7_ss
Compiling module work.alpha6_ss
Compiling module work.alpha5_ss
Compiling module work.alpha15
Compiling module work.alpha16bLFSR
Compiling module work.modimpl_ntwk_block2
Compiling module work.b2_random
Compiling module work.modimpl_ntwk_block3
Compiling module work.b3_random
Compiling module work.modimpl_ntwk_block4
Compiling module work.b4_random
Compiling module work.modimpl_ntwk
Compiling module work.a2_random
Compiling module work.modimpl_ntwk_block
Compiling module work.a3_random
Compiling module work.modimpl_ntwk_block1
Compiling module work.a4_random
Compiling module work.random_sample
Compiling module work.Subsystem
Compiling module work.Chart1
Compiling module work.Chart3
Compiling module work.Chart2
Compiling module work.SimpleDualPortRAM_generic_block(...
Compiling module work.HDL_FIFO1
Compiling module work.FIFO_system3
Compiling module work.Subsystem1_block7
Compiling module work.Subsystem2_block7
Compiling module work.Subsystem3_block7
Compiling module work.Subsystem4_block7
Compiling module work.Subsystem5_block7
Compiling module work.Subsystem6_block7
Compiling module work.individual1_block1
Compiling module work.output_cast1
Compiling module work.D2
Compiling module work.HDL_FIFO1_block
Compiling module work.FIFO_system1
Compiling module work.TWDLROM
Compiling module work.SimpleDualPortRAM_generic(AddrWi...
Compiling module work.MINRESRX2FFT_MEMORY
Compiling module work.MINRESRX2FFT_BTFSEL
Compiling module work.Complex4Multiply
Compiling module work.MINRESRX2_BUTTERFLY
Compiling module work.MINRESRX2FFT_MEMSEL
Compiling module work.MINRESRX2FFT_CTRL
Compiling module work.MINRESRX2FFT_OUTMux
Compiling module work.FFT
Compiling module work.alpha8bit_PE1
Compiling module work.alpha8bit_PE2
Compiling module work.alpha8bit_PE3
Compiling module work.alpha8bit_PE4
Compiling module work.alpha8bit_PE5
Compiling module work.alpha8bit_PE6
Compiling module work.alpha8bit_PE7
Compiling module work.alpha8bit_PE8
Compiling module work.alpha8bit_PE10
Compiling module work.alpha64bitmsb_finder
Compiling module work.accumulator_scorer
Compiling module work.generation_counter
Compiling module work.index_counter
Compiling module work.Chart
Compiling module work.Subsystem_block3
Compiling module work.Subsystem1_block2
Compiling module work.Subsystem2_block2
Compiling module work.Subsystem3_block2
Compiling module work.Subsystem4_block2
Compiling module work.Subsystem5_block2
Compiling module work.Subsystem6_block2
Compiling module work.individual4
Compiling module work.Subsystem_block
Compiling module work.Subsystem1
Compiling module work.Subsystem2
Compiling module work.Subsystem3
Compiling module work.Subsystem4
Compiling module work.Subsystem5
Compiling module work.Subsystem6
Compiling module work.individual3
Compiling module work.Subsystem_block1
Compiling module work.Subsystem1_block
Compiling module work.Subsystem2_block
Compiling module work.Subsystem3_block
Compiling module work.Subsystem4_block
Compiling module work.Subsystem5_block
Compiling module work.Subsystem6_block
Compiling module work.individual2
Compiling module work.swap_counter
Compiling module work.swap_counter1
Compiling module work.Chart_block
Compiling module work.Subsystem_block2
Compiling module work.Subsystem1_block1
Compiling module work.Subsystem2_block1
Compiling module work.Subsystem3_block1
Compiling module work.Subsystem4_block1
Compiling module work.Subsystem5_block1
Compiling module work.Subsystem6_block1
Compiling module work.individual1
Compiling module work.output_selector
Compiling module work.coefficent_array
Compiling module work.Subsystem_block7
Compiling module work.Subsystem1_block6
Compiling module work.Subsystem2_block6
Compiling module work.Subsystem3_block6
Compiling module work.Subsystem4_block6
Compiling module work.Subsystem5_block6
Compiling module work.Subsystem6_block6
Compiling module work.individual4_block
Compiling module work.Subsystem_block4
Compiling module work.Subsystem1_block3
Compiling module work.Subsystem2_block3
Compiling module work.Subsystem3_block3
Compiling module work.Subsystem4_block3
Compiling module work.Subsystem5_block3
Compiling module work.Subsystem6_block3
Compiling module work.individual3_block
Compiling module work.Subsystem_block5
Compiling module work.Subsystem1_block4
Compiling module work.Subsystem2_block4
Compiling module work.Subsystem3_block4
Compiling module work.Subsystem4_block4
Compiling module work.Subsystem5_block4
Compiling module work.Subsystem6_block4
Compiling module work.individual2_block
Compiling module work.swap_counter_block
Compiling module work.swap_counter1_block
Compiling module work.Chart_block1
Compiling module work.Subsystem_block6
Compiling module work.Subsystem1_block5
Compiling module work.Subsystem2_block5
Compiling module work.Subsystem3_block5
Compiling module work.Subsystem4_block5
Compiling module work.Subsystem5_block5
Compiling module work.Subsystem6_block5
Compiling module work.individual1_block
Compiling module work.output_selector_block
Compiling module work.coefficent_array1
Compiling module work.GA_main
Compiling module work.integration_block1
Compiling module work.Chart_block2
Compiling module work.index_counter_block
Compiling module work.to_uint32_1
Compiling module work.to_uint32_2
Compiling module work.to_uint32_3
Compiling module work.to_uint32_4
Compiling module work.to_uint32_5
Compiling module work.to_uint32_6
Compiling module work.PL
Built XSI simulation shared library xsim.dir/design/xsimk.dll
